<?xml version="1.0" encoding="UTF-8"?>
<!-- Generated by org.testng.reporters.JUnitReportReporter -->
<testsuite hostname="LAPTOP-O0MCGUAT" failures="0" tests="1" name="com.apex.customer.test.CustomerNG5" time="1.109" errors="0" timestamp="2021-10-13T08:05:59 PDT" skipped="0">
  <testcase classname="com.apex.customer.test.CustomerNG5" name="test5GetUserId" time="1.109"/>
  <system-out/>
</testsuite> <!-- com.apex.customer.test.CustomerNG5 -->
