<?xml version="1.0" encoding="UTF-8"?>
<!-- Generated by org.testng.reporters.JUnitReportReporter -->
<testsuite hostname="LAPTOP-O0MCGUAT" failures="0" tests="4" name="com.apex.customer.test.CustomerTestNG2" time="1.979" errors="0" timestamp="2021-10-18T11:16:46 PDT" skipped="0">
  <testcase classname="com.apex.customer.test.CustomerTestNG2" name="testGetUserById" time="0.142"/>
  <system-out/>
  <testcase classname="com.apex.customer.test.CustomerTestNG2" name="testPostUser" time="0.442"/>
  <system-out/>
  <testcase classname="com.apex.customer.test.CustomerTestNG2" name="testGetUserById" time="0.458"/>
  <system-out/>
  <testcase classname="com.apex.customer.test.CustomerTestNG2" name="testGetUserById" time="0.937"/>
  <system-out/>
</testsuite> <!-- com.apex.customer.test.CustomerTestNG2 -->
