<?xml version="1.0" encoding="UTF-8"?>
<!-- Generated by org.testng.reporters.JUnitReportReporter -->
<testsuite hostname="Nirmalas-MacBook-Pro.local" failures="0" tests="2" name="Accc$Login" time="0.012" errors="0" timestamp="2022-11-11T04:45:03 PST" skipped="0">
  <testcase classname="Accc$Login" name="login" time="0.012"/>
  <system-out/>
  <testcase classname="Accc$Login" name="home" time="0.000"/>
  <system-out/>
</testsuite> <!-- Accc$Login -->
