<?xml version="1.0" encoding="UTF-8"?>
<!-- Generated by org.testng.reporters.JUnitReportReporter -->
<testsuite hostname="Nirmalas-MacBook-Pro.local" failures="0" tests="2" name="com.kkg.rest.test.GetSample1" time="3.193" errors="0" timestamp="2022-11-10T20:40:40 PST" skipped="0">
  <testcase classname="com.kkg.rest.test.GetSample1" name="testPost1" time="0.726"/>
  <system-out/>
  <testcase classname="com.kkg.rest.test.GetSample1" name="testGetSample" time="2.467"/>
  <system-out/>
</testsuite> <!-- com.kkg.rest.test.GetSample1 -->
