<?xml version="1.0" encoding="UTF-8"?>
<!-- Generated by org.testng.reporters.JUnitReportReporter -->
<testsuite hostname="LAPTOP-O0MCGUAT" failures="0" tests="1" name="Rest.GetMethod" time="0.594" errors="0" timestamp="2022-02-14T09:48:06 PST" skipped="0">
  <testcase classname="Rest.GetMethod" name="testGetUsersId" time="0.594"/>
  <system-out/>
</testsuite> <!-- Rest.GetMethod -->
