<?xml version="1.0" encoding="UTF-8"?>
<!-- Generated by org.testng.reporters.JUnitReportReporter -->
<testsuite hostname="Nirmalas-MacBook-Pro.local" failures="0" tests="2" name="com.apex.core.test.Accc" time="0.022" errors="0" timestamp="2022-11-11T04:51:45 PST" skipped="0">
  <testcase classname="com.apex.core.test.Accc" name="homePage" time="0.003"/>
  <system-out/>
  <testcase classname="com.apex.core.test.Accc" name="login" time="0.019"/>
  <system-out/>
</testsuite> <!-- com.apex.core.test.Accc -->
