<?xml version="1.0" encoding="UTF-8"?>
<!-- Generated by org.testng.reporters.JUnitReportReporter -->
<testsuite hostname="LAPTOP-O0MCGUAT" failures="0" tests="1" name="com.apex.customer.test.CustermerTestNG3" time="2.114" errors="0" timestamp="2021-10-13T06:13:09 PDT" skipped="0">
  <testcase classname="com.apex.customer.test.CustermerTestNG3" name="test4GetUserId" time="2.114"/>
  <system-out/>
</testsuite> <!-- com.apex.customer.test.CustermerTestNG3 -->
