<?xml version="1.0" encoding="UTF-8"?>
<!-- Generated by org.testng.reporters.JUnitReportReporter -->
<testsuite hostname="LAPTOP-O0MCGUAT" failures="0" tests="1" name="com.apex.customer.test.CustermerTestNg2" time="0.645" errors="0" timestamp="2021-10-12T06:19:56 PDT" skipped="0">
  <testcase classname="com.apex.customer.test.CustermerTestNg2" name="test4GetUserId" time="0.645"/>
  <system-out/>
</testsuite> <!-- com.apex.customer.test.CustermerTestNg2 -->
